--------------------------------------------------------------------------------
Release 14.7 Trace  (nt64)
Copyright (c) 1995-2013 Xilinx, Inc.  All rights reserved.

D:\Xilinx\14.7\ISE_DS\ISE\bin\nt64\unwrapped\trce.exe -intstyle ise -v 3 -s 2
-n 3 -fastpaths -xml running_light.twx running_light.ncd -o running_light.twr
running_light.pcf -ucf running_light.ucf

Design file:              running_light.ncd
Physical constraint file: running_light.pcf
Device,package,speed:     xc6slx45,fgg676,C,-2 (PRODUCTION 1.23 2013-10-13)
Report level:             verbose report

Environment Variable      Effect 
--------------------      ------ 
NONE                      No environment variables were set
--------------------------------------------------------------------------------

INFO:Timing:2698 - No timing constraints found, doing default enumeration.
INFO:Timing:3412 - To improve timing, see the Timing Closure User Guide (UG612).
INFO:Timing:2752 - To get complete path coverage, use the unconstrained paths 
   option. All paths that are not constrained will be reported in the 
   unconstrained paths section(s) of the report.
INFO:Timing:3339 - The clock-to-out numbers in this timing report are based on 
   a 50 Ohm transmission line loading model.  For the details of this model, 
   and for more information on accounting for different loading conditions, 
   please see the device datasheet.



Data Sheet report:
-----------------
All values displayed in nanoseconds (ns)

Setup/Hold to clock CLK
------------+------------+------------+------------+------------+------------------+--------+
            |Max Setup to|  Process   |Max Hold to |  Process   |                  | Clock  |
Source      | clk (edge) |   Corner   | clk (edge) |   Corner   |Internal Clock(s) | Phase  |
------------+------------+------------+------------+------------+------------------+--------+
SW<0>       |    5.271(R)|      SLOW  |   -1.648(R)|      FAST  |CLK_BUFGP         |   0.000|
SW<1>       |    2.055(R)|      SLOW  |   -0.034(R)|      SLOW  |CLK_BUFGP         |   0.000|
------------+------------+------------+------------+------------+------------------+--------+

Clock CLK to Pad
------------+-----------------+------------+-----------------+------------+------------------+--------+
            |Max (slowest) clk|  Process   |Min (fastest) clk|  Process   |                  | Clock  |
Destination |  (edge) to PAD  |   Corner   |  (edge) to PAD  |   Corner   |Internal Clock(s) | Phase  |
------------+-----------------+------------+-----------------+------------+------------------+--------+
LED<0>      |         9.606(R)|      SLOW  |         3.957(R)|      FAST  |CLK_BUFGP         |   0.000|
LED<1>      |        10.286(R)|      SLOW  |         4.242(R)|      FAST  |CLK_BUFGP         |   0.000|
LED<2>      |         9.583(R)|      SLOW  |         3.864(R)|      FAST  |CLK_BUFGP         |   0.000|
LED<3>      |         8.897(R)|      SLOW  |         3.468(R)|      FAST  |CLK_BUFGP         |   0.000|
LED<4>      |         8.929(R)|      SLOW  |         3.495(R)|      FAST  |CLK_BUFGP         |   0.000|
LED<5>      |         9.931(R)|      SLOW  |         4.039(R)|      FAST  |CLK_BUFGP         |   0.000|
LED<6>      |        10.302(R)|      SLOW  |         4.234(R)|      FAST  |CLK_BUFGP         |   0.000|
LED<7>      |        10.411(R)|      SLOW  |         4.303(R)|      FAST  |CLK_BUFGP         |   0.000|
------------+-----------------+------------+-----------------+------------+------------------+--------+

Clock to Setup on destination clock CLK
---------------+---------+---------+---------+---------+
               | Src:Rise| Src:Fall| Src:Rise| Src:Fall|
Source Clock   |Dest:Rise|Dest:Rise|Dest:Fall|Dest:Fall|
---------------+---------+---------+---------+---------+
CLK            |    4.871|         |         |         |
---------------+---------+---------+---------+---------+


Analysis completed Mon May 13 08:57:07 2024 
--------------------------------------------------------------------------------

Trace Settings:
-------------------------
Trace Settings 

Peak Memory Usage: 4625 MB



