#-----------------------------------------------------------
# PlanAhead v14.7
# Build 321239 by xbuild on Fri Sep 27 19:31:35 MDT 2013
# Start of session at: Mon May 13 08:33:42 2024
# Process ID: 13180
# Log file: E:/Z53-Leon-Blazevic/planAhead_run_2/planAhead.log
# Journal file: E:/Z53-Leon-Blazevic/planAhead_run_2/planAhead.jou
#-----------------------------------------------------------
INFO: [Common 17-78] Attempting to get a license: PlanAhead
INFO: [Common 17-290] Got license for PlanAhead
INFO: [Common 17-86] Your PlanAhead license expires in -1991 day(s)
INFO: [Device 21-36] Loading parts and site information from D:/Xilinx/14.7/ISE_DS/PlanAhead/data/parts/arch.xml
Parsing RTL primitives file [D:/Xilinx/14.7/ISE_DS/PlanAhead/data/parts/xilinx/rtl/prims/rtl_prims.xml]
Finished parsing RTL primitives file [D:/Xilinx/14.7/ISE_DS/PlanAhead/data/parts/xilinx/rtl/prims/rtl_prims.xml]
start_gui
INFO: [Common 17-81] Feature available: PartialReconfiguration
source E:/Z53-Leon-Blazevic/pa.fromHdl.tcl
# create_project -name Z53-Leon-Blazevic -dir "E:/Z53-Leon-Blazevic/planAhead_run_2" -part xc6slx45fgg676-2
# set_param project.pinAheadLayout yes
# set srcset [get_property srcset [current_run -impl]]
# set_property target_constrs_file "running_light.ucf" [current_fileset -constrset]
Adding file 'E:/Z53-Leon-Blazevic/running_light.ucf' to fileset 'constrs_1'
# set hdlfile [add_files [list {running_light.vhd}]]
# set_property file_type VHDL $hdlfile
# set_property library work $hdlfile
# set_property top running_light $srcset
# add_files [list {running_light.ucf}] -fileset [get_property constrset [current_run]]
# open_rtl_design -part xc6slx45fgg676-2
Using Verific elaboration
Parsing VHDL file "D:/Xilinx/14.7/ISE_DS/PlanAhead/data/parts/xilinx/rtl/lib/synplify/synattr.vhd" into library synplify
Parsing VHDL file "D:/Xilinx/14.7/ISE_DS/PlanAhead/data/parts/xilinx/rtl/lib/synplify/synattr.vhd" into library synplify
Parsing VHDL file "E:/Z53-Leon-Blazevic/running_light.vhd" into library work
Loading clock regions from D:/Xilinx/14.7/ISE_DS/PlanAhead/data\parts/xilinx/spartan6/spartan6lx/xc6slx45/ClockRegion.xml
Loading clock buffers from D:/Xilinx/14.7/ISE_DS/PlanAhead/data\parts/xilinx/spartan6/spartan6lx/xc6slx45/ClockBuffers.xml
Loading package pin functions from D:/Xilinx/14.7/ISE_DS/PlanAhead/data\parts/xilinx/spartan6/PinFunctions.xml...
Loading package from D:/Xilinx/14.7/ISE_DS/PlanAhead/data\parts/xilinx/spartan6/spartan6lx/xc6slx45/fgg676/Package.xml
Loading io standards from D:/Xilinx/14.7/ISE_DS/PlanAhead/data\./parts/xilinx/spartan6/IOStandards.xml
Loading device configuration modes from D:/Xilinx/14.7/ISE_DS/PlanAhead/data\parts/xilinx/spartan6/ConfigModes.xml
Loading list of drcs for the architecture : D:/Xilinx/14.7/ISE_DS/PlanAhead/data\./parts/xilinx/spartan6/drc.xml
Parsing UCF File [E:/Z53-Leon-Blazevic/running_light.ucf]
Finished Parsing UCF File [E:/Z53-Leon-Blazevic/running_light.ucf]
INFO: [Project 1-111] Unisim Transformation Summary:
No Unisim elements were transformed.

Phase 0 | Netlist Checksum: c9a76b53
open_rtl_design: Time (s): elapsed = 00:00:07 . Memory (MB): peak = 512.457 ; gain = 109.172
update_compile_order -fileset sim_1
update_compile_order -fileset sources_1
update_compile_order -fileset sources_1
set_property package_pin "" [get_ports [list  {SW[0]}]]
startgroup
set_property package_pin Y24 [get_ports {SW[1]}]
endgroup
startgroup
set_property package_pin W19 [get_ports {SW[0]}]
endgroup
save_constraints -force
exit
ERROR: [PlanAhead 12-106] *** Exception: ui.h.b: Found deleted key in HTclEventBroker. Verify if the classes listed here call cleanup()
HTclEvent: DEBUG_CORE_CONFIG_CHANGE   Classes: ui.views.aR 
HTclEvent: SIGNAL_BUS_MODIFY   Classes: ui.views.aR 
HTclEvent: DEBUG_PORT_CONFIG_CHANGE   Classes: ui.views.aR 
HTclEvent: SIGNAL_MODIFY   Classes: ui.views.aR 
 (See E:/Z53-Leon-Blazevic\planAhead_pid13180.debug)
ERROR: [Common 17-39] 'stop_gui' failed due to earlier errors.
INFO: [Common 17-206] Exiting PlanAhead at Mon May 13 09:09:46 2024...
INFO: [Common 17-83] Releasing license: PlanAhead
